➡️No .safetensors files found in /data2/shcho/torchtitan/checkpoint/1128_1F1B_fullrand7_mfr0.8_42_dm1/step-800. Converting to HuggingFace format...
➡️Recreating Index file at /data2/shcho/torchtitan/checkpoint/1128_1F1B_fullrand7_mfr0.8_42_dm1/step-800/model.safetensors.index.json.

❄️❄️❄️❄️❄️❄️❄️❄️❄️❄️❄️❄️❄️❄️❄️❄️❄️❄️❄️❄️❄️❄️❄️❄️❄️❄️❄️❄️
✔️Current Timestamp: 2025. 11. 29. (토) 03:55:37 KST
✔️SERVER: dmserver1 (143.248.135.95),  GPUs: 4
✔️SCRIPT: /home/shcho/torchtitan/logs/dmserver1/1116_fullrand7/eval/eval.sh
✔️OUTPUT: /home/shcho/torchtitan/logs/dmserver1/1116_fullrand7/eval/eval_1128_1F1B_fullrand7_mfr0.8_42_dm1.log
✔️RESULT: /data2/shcho/torchtitan/checkpoint/1128_1F1B_fullrand7_mfr0.8_42_dm1/step-800/eval_1128_1F1B_fullrand7_mfr0.8_42_dm1.json
✔️Main Table Experiment
☑️> python3 -m timelyfreeze.evaluation --model_path=/data2/shcho/torchtitan/checkpoint/1128_1F1B_fullrand7_mfr0.8_42_dm1/step-800 --dtype=float16 --model_type=Llama-3.2-1B --batch_size=16 --device_map=cuda --tasks=mmlu,hellaswag,arc_challenge,truthfulqa_mc1 --output_json=/data2/shcho/torchtitan/checkpoint/1128_1F1B_fullrand7_mfr0.8_42_dm1/step-800/eval_1128_1F1B_fullrand7_mfr0.8_42_dm1.json
❄️❄️❄️❄️❄️❄️❄️❄️❄️❄️❄️❄️❄️❄️❄️❄️❄️❄️❄️❄️❄️❄️❄️❄️❄️❄️❄️❄️
OSError: [Errno 28] No space left on device

During handling of the above exception, another exception occurred:

Traceback (most recent call last):
  File "<frozen runpy>", line 198, in _run_module_as_main
  File "<frozen runpy>", line 88, in _run_code
  File "/home/shcho/torchtitan/timelyfreeze/evaluation.py", line 154, in <module>
    main()
  File "/home/shcho/torchtitan/timelyfreeze/evaluation.py", line 67, in main
    cfg.save_pretrained(args.model_path)
  File "/data2/shcho/miniforge3/envs/llm_eval/lib/python3.11/site-packages/transformers/configuration_utils.py", line 490, in save_pretrained
    self.to_json_file(output_config_file, use_diff=True)
  File "/data2/shcho/miniforge3/envs/llm_eval/lib/python3.11/site-packages/transformers/configuration_utils.py", line 1001, in to_json_file
    with open(json_file_path, "w", encoding="utf-8") as writer:
OSError: [Errno 28] No space left on device
config.json not found in /data2/shcho/torchtitan/checkpoint/1128_1F1B_fullrand7_mfr0.8_42_dm1/step-800. Downloading from meta-llama/Llama-3.2-1B...
Config OK: llama
